<?xml version="1.0" encoding="UTF-8"?>
<!-- Generated by org.testng.reporters.JUnitReportReporter -->
<testsuite hostname="LIN-5CG1049HFV" failures="0" tests="1" name="restAssured.RestAssured.ExcelData" time="3.667" errors="0" timestamp="2024-05-21T11:49:49 IST" skipped="0">
  <testcase classname="restAssured.RestAssured.ExcelData" name="addData" time="3.667"/>
</testsuite> <!-- restAssured.RestAssured.ExcelData -->
