<?xml version="1.0" encoding="UTF-8"?>
<!-- Generated by org.testng.reporters.JUnitReportReporter -->
<testsuite hostname="LIN-5CG1049HFV" failures="0" tests="12" name="restAssured.RestAssured.DataProviderTest1" time="7.103" errors="0" timestamp="2024-05-17T12:46:02 IST" skipped="0">
  <testcase classname="restAssured.RestAssured.DataProviderTest1" name="addData" time="0.407"/>
  <testcase classname="restAssured.RestAssured.DataProviderTest1" name="addData" time="0.405"/>
  <testcase classname="restAssured.RestAssured.DataProviderTest1" name="addData" time="0.447"/>
  <testcase classname="restAssured.RestAssured.DataProviderTest1" name="addData" time="0.406"/>
  <testcase classname="restAssured.RestAssured.DataProviderTest1" name="addData" time="0.449"/>
  <testcase classname="restAssured.RestAssured.DataProviderTest1" name="addData" time="0.394"/>
  <testcase classname="restAssured.RestAssured.DataProviderTest1" name="addData" time="0.393"/>
  <testcase classname="restAssured.RestAssured.DataProviderTest1" name="addData" time="2.375"/>
  <testcase classname="restAssured.RestAssured.DataProviderTest1" name="addData" time="0.477"/>
  <testcase classname="restAssured.RestAssured.DataProviderTest1" name="addData" time="0.424"/>
  <testcase classname="restAssured.RestAssured.DataProviderTest1" name="addData" time="0.462"/>
  <testcase classname="restAssured.RestAssured.DataProviderTest1" name="addData" time="0.464"/>
</testsuite> <!-- restAssured.RestAssured.DataProviderTest1 -->
