<?xml version="1.0" encoding="UTF-8"?>
<!-- Generated by org.testng.reporters.JUnitReportReporter -->
<testsuite hostname="LIN-5CG1049HFV" failures="0" tests="3" name="restAssured.RestAssured.Excel1" time="3.148" errors="0" timestamp="2024-05-22T10:39:17 IST" skipped="0">
  <testcase classname="restAssured.RestAssured.Excel1" name="addData" time="0.476"/>
  <testcase classname="restAssured.RestAssured.Excel1" name="addData" time="0.545"/>
  <testcase classname="restAssured.RestAssured.Excel1" name="addData" time="2.127"/>
</testsuite> <!-- restAssured.RestAssured.Excel1 -->
