<?xml version="1.0" encoding="UTF-8"?>
<!-- Generated by org.testng.reporters.JUnitReportReporter -->
<testsuite hostname="LIN-5CG1049HFV" failures="0" tests="2" name="restAssured.RestAssured.testng1" time="2.371" errors="0" timestamp="2024-05-21T11:39:38 IST" skipped="1">
  <testcase classname="restAssured.RestAssured.testng1" name="getData" time="2.371"/>
  <testcase classname="restAssured.RestAssured.testng1" name="addData">
    <skipped/>
  </testcase> <!-- addData -->
</testsuite> <!-- restAssured.RestAssured.testng1 -->
