<?xml version="1.0" encoding="UTF-8"?>
<!-- Generated by org.testng.reporters.JUnitReportReporter -->
<testsuite hostname="LIN-5CG1049HFV" failures="0" tests="2" name="TestRunner.TestRunner1" time="5.534" errors="0" timestamp="2024-05-27T17:02:18 IST" skipped="0">
  <testcase classname="TestRunner.TestRunner1" name="runScenario" time="0.532"/>
  <testcase classname="TestRunner.TestRunner1" name="runScenario" time="5.002"/>
</testsuite> <!-- TestRunner.TestRunner1 -->
